Using pre-set license
Built from '2020.3/staging' branch; Version is '2020.3.47f1 (5ef4f5b5e2d4) revision 6223093'; Using compiler version '192528614'; Build Type 'Release'
OS: 'Windows 10  (10.0.19045) 64bit Core' Language: 'en' Physical Memory: 32509 MB
BatchMode: 1, IsHumanControllingUs: 0, StartBugReporterOnCrash: 0, Is64bit: 1, IsPro: 0

COMMAND LINE ARGUMENTS:
C:\Program Files\Unity\Hub\Editor\2020.3.47f1\Editor\Unity.exe
-adb2
-batchMode
-noUpm
-name
AssetImportWorker0
-projectPath
D:/Creative Projects/Unity/Project FPS
-logFile
Logs/AssetImportWorker0.log
-srvPort
52732
Successfully changed project path to: D:/Creative Projects/Unity/Project FPS
D:/Creative Projects/Unity/Project FPS
Using Asset Import Pipeline V2.
Player connection [88260] Host "[IP] 192.168.5.218 [Port] 805523872 [Flags] 2 [Guid] 2896439530 [EditorId] 2896439530 [Version] 1048832 [Id] WindowsEditor(7,CROMAR-DESKTOP) [Debug] 1 [PackageName] WindowsEditor [ProjectName] Editor" joined multi-casting on [225.0.0.222:54997]...

Player connection [88260] Host "[IP] 192.168.5.218 [Port] 805523872 [Flags] 2 [Guid] 2896439530 [EditorId] 2896439530 [Version] 1048832 [Id] WindowsEditor(7,CROMAR-DESKTOP) [Debug] 1 [PackageName] WindowsEditor [ProjectName] Editor" joined alternative multi-casting on [225.0.0.222:34997]...

Refreshing native plugins compatible for Editor in 32.85 ms, found 2 plugins.
Preloading 0 native plugins for Editor in 0.00 ms.
Initialize engine version: 2020.3.47f1 (5ef4f5b5e2d4)
[Subsystems] Discovering subsystems at path C:/Program Files/Unity/Hub/Editor/2020.3.47f1/Editor/Data/Resources/UnitySubsystems
[Subsystems] Discovering subsystems at path D:/Creative Projects/Unity/Project FPS/Assets
GfxDevice: creating device client; threaded=0
Direct3D:
    Version:  Direct3D 11.0 [level 11.1]
    Renderer: NVIDIA GeForce GTX 1650 (ID=0x1f82)
    Vendor:   
    VRAM:     3935 MB
    Driver:   31.0.15.5168
Initialize mono
Mono path[0] = 'C:/Program Files/Unity/Hub/Editor/2020.3.47f1/Editor/Data/Managed'
Mono path[1] = 'C:/Program Files/Unity/Hub/Editor/2020.3.47f1/Editor/Data/MonoBleedingEdge/lib/mono/unityjit'
Mono config path = 'C:/Program Files/Unity/Hub/Editor/2020.3.47f1/Editor/Data/MonoBleedingEdge/etc'
Using monoOptions --debugger-agent=transport=dt_socket,embedding=1,server=y,suspend=n,address=127.0.0.1:56832
Begin MonoManager ReloadAssembly
Registering precompiled unity dll's ...
Register platform support module: C:/Program Files/Unity/Hub/Editor/2020.3.47f1/Editor/Data/PlaybackEngines/WindowsStandaloneSupport/UnityEditor.WindowsStandalone.Extensions.dll
Registered in 0.002780 seconds.
Native extension for WindowsStandalone target not found
Refreshing native plugins compatible for Editor in 31.35 ms, found 2 plugins.
Preloading 0 native plugins for Editor in 0.00 ms.
Mono: successfully reloaded assembly
- Completed reload, in  0.541 seconds
Domain Reload Profiling:
	ReloadAssembly (541ms)
		BeginReloadAssembly (45ms)
			ExecutionOrderSort (0ms)
			DisableScriptedObjects (0ms)
			BackupInstance (0ms)
			ReleaseScriptingObjects (0ms)
			CreateAndSetChildDomain (0ms)
		EndReloadAssembly (421ms)
			LoadAssemblies (44ms)
			RebuildTransferFunctionScriptingTraits (0ms)
			SetupTypeCache (141ms)
			ReleaseScriptCaches (0ms)
			RebuildScriptCaches (29ms)
			SetupLoadedEditorAssemblies (153ms)
				LogAssemblyErrors (0ms)
				InitializePlatformSupportModulesInManaged (5ms)
				SetLoadedEditorAssemblies (0ms)
				RefreshPlugins (31ms)
				BeforeProcessingInitializeOnLoad (12ms)
				ProcessInitializeOnLoadAttributes (80ms)
				ProcessInitializeOnLoadMethodAttributes (25ms)
				AfterProcessingInitializeOnLoad (0ms)
				EditorAssembliesLoaded (0ms)
			ExecutionOrderSort2 (0ms)
			AwakeInstancesAfterBackupRestoration (0ms)
Platform modules already initialized, skipping
Registering precompiled user dll's ...
Registered in 0.001914 seconds.
Begin MonoManager ReloadAssembly
Native extension for WindowsStandalone target not found
Refreshing native plugins compatible for Editor in 30.51 ms, found 2 plugins.
Preloading 0 native plugins for Editor in 0.00 ms.
Mono: successfully reloaded assembly
- Completed reload, in  1.148 seconds
Domain Reload Profiling:
	ReloadAssembly (1148ms)
		BeginReloadAssembly (130ms)
			ExecutionOrderSort (0ms)
			DisableScriptedObjects (4ms)
			BackupInstance (0ms)
			ReleaseScriptingObjects (0ms)
			CreateAndSetChildDomain (15ms)
		EndReloadAssembly (956ms)
			LoadAssemblies (87ms)
			RebuildTransferFunctionScriptingTraits (0ms)
			SetupTypeCache (240ms)
			ReleaseScriptCaches (0ms)
			RebuildScriptCaches (40ms)
			SetupLoadedEditorAssemblies (506ms)
				LogAssemblyErrors (0ms)
				InitializePlatformSupportModulesInManaged (4ms)
				SetLoadedEditorAssemblies (0ms)
				RefreshPlugins (31ms)
				BeforeProcessingInitializeOnLoad (69ms)
				ProcessInitializeOnLoadAttributes (384ms)
				ProcessInitializeOnLoadMethodAttributes (8ms)
				AfterProcessingInitializeOnLoad (9ms)
				EditorAssembliesLoaded (0ms)
			ExecutionOrderSort2 (0ms)
			AwakeInstancesAfterBackupRestoration (2ms)
Platform modules already initialized, skipping
========================================================================
Worker process is ready to serve import requests
Launched and connected shader compiler UnityShaderCompiler.exe after 0.03 seconds
Refreshing native plugins compatible for Editor in 0.22 ms, found 2 plugins.
Preloading 0 native plugins for Editor in 0.00 ms.
Unloading 1634 Unused Serialized files (Serialized files now loaded: 0)
System memory in use before: 75.9 MB.
System memory in use after: 76.0 MB.

Unloading 18 unused Assets to reduce memory usage. Loaded Objects now: 2071.
Total: 2.039900 ms (FindLiveObjects: 0.070700 ms CreateObjectMapping: 0.024900 ms MarkObjects: 1.895900 ms  DeleteObjects: 0.047700 ms)

AssetImportParameters requested are different than current active one (requested -> active):
  custom:framework-win-MediaFoundation: 216162199b28c13a410421893ffa2e32 -> 
  custom:video-decoder-ogg-theora: a1e56fd34408186e4bbccfd4996cb3dc -> 
  custom:container-muxer-webm: aa71ff27fc2769a1b78a27578f13a17b -> 
  custom:container-demuxer-webm: 4f35f7cbe854078d1ac9338744f61a02 -> 
  custom:container-demuxer-ogg: 62fdf1f143b41e24485cea50d1cbac27 -> 
  custom:video-encoder-webm-vp8: eb34c28f22e8b96e1ab97ce403110664 -> 
  custom:video-codec-MediaFoundation-h265: e54d7ab0439102e2317fc1e4b246158d -> 
  custom:video-decoder-webm-vp8: 9c59270c3fd7afecdb556c50c9e8de78 -> 
  custom:audio-decoder-ogg-vorbis: bf7c407c2cedff20999df2af8eb42d56 -> 
  custom:audio-encoder-webm-vorbis: bf7c407c2cedff20999df2af8eb42d56 -> 
========================================================================
Received Import Request.
  path: Assets
  artifactKey: Guid(00000000000000001000000000000000) Importer(815301076,1909f56bfc062723c751e8b465ee728b)
Start importing Assets using Guid(00000000000000001000000000000000) Importer(815301076,1909f56bfc062723c751e8b465ee728b)  -> (artifact id: '42d402b061de3733987d63b9cc3b64de') in 0.007126 seconds 
========================================================================
Received Import Request.
  Time since last request: 2.572591 seconds.
  path: Assets/_Project
  artifactKey: Guid(1d18191edd098fe40b05fecf20926fe1) Importer(815301076,1909f56bfc062723c751e8b465ee728b)
Start importing Assets/_Project using Guid(1d18191edd098fe40b05fecf20926fe1) Importer(815301076,1909f56bfc062723c751e8b465ee728b)  -> (artifact id: '3849db826d78aa0b2c2c7a7a935a4fc1') in 0.006860 seconds 
========================================================================
Received Import Request.
  Time since last request: 5.856282 seconds.
  path: Assets/_Project/Scenes
  artifactKey: Guid(6ea315d0fd7389c41b19996891e99ae3) Importer(815301076,1909f56bfc062723c751e8b465ee728b)
Start importing Assets/_Project/Scenes using Guid(6ea315d0fd7389c41b19996891e99ae3) Importer(815301076,1909f56bfc062723c751e8b465ee728b)  -> (artifact id: '9168112a17b07f3ee034ca0d2dc1544d') in 0.009001 seconds 
========================================================================
Received Import Request.
  Time since last request: 1.129678 seconds.
  path: Assets/_Project/Scenes/SampleScene.unity
  artifactKey: Guid(9fc0d4010bbf28b4594072e72b8655ab) Importer(815301076,1909f56bfc062723c751e8b465ee728b)
Start importing Assets/_Project/Scenes/SampleScene.unity using Guid(9fc0d4010bbf28b4594072e72b8655ab) Importer(815301076,1909f56bfc062723c751e8b465ee728b)  -> (artifact id: '94c55409359c0051422e58de30b0573d') in 0.007156 seconds 
========================================================================
Received Import Request.
  Time since last request: 3.294088 seconds.
  path: Assets/_Project/Scenes/Test Site.unity
  artifactKey: Guid(9fc0d4010bbf28b4594072e72b8655ab) Importer(815301076,1909f56bfc062723c751e8b465ee728b)
Start importing Assets/_Project/Scenes/Test Site.unity using Guid(9fc0d4010bbf28b4594072e72b8655ab) Importer(815301076,1909f56bfc062723c751e8b465ee728b)  -> (artifact id: '358acd3d2003d2b0171750ae13a71956') in 0.006955 seconds 
========================================================================
Received Import Request.
  Time since last request: 222.271029 seconds.
  path: Assets/_Project/Scenes/Test Site.unity
  artifactKey: Guid(9fc0d4010bbf28b4594072e72b8655ab) Importer(815301076,1909f56bfc062723c751e8b465ee728b)
Start importing Assets/_Project/Scenes/Test Site.unity using Guid(9fc0d4010bbf28b4594072e72b8655ab) Importer(815301076,1909f56bfc062723c751e8b465ee728b)  -> (artifact id: 'b783f60b143a68374dc05e46384024f9') in 0.002182 seconds 
========================================================================
Received Import Request.
  Time since last request: 3.776165 seconds.
  path: Assets/_Project/Scenes/Test Sit.unity
  artifactKey: Guid(9fc0d4010bbf28b4594072e72b8655ab) Importer(815301076,1909f56bfc062723c751e8b465ee728b)
Start importing Assets/_Project/Scenes/Test Sit.unity using Guid(9fc0d4010bbf28b4594072e72b8655ab) Importer(815301076,1909f56bfc062723c751e8b465ee728b)  -> (artifact id: '0ee87705c322831f586c0755c448c4a4') in 0.007836 seconds 
========================================================================
Received Import Request.
  Time since last request: 10.359301 seconds.
  path: Assets/ONYX Development
  artifactKey: Guid(b4a230d2276af3c40988b630fc2ed398) Importer(815301076,1909f56bfc062723c751e8b465ee728b)
Start importing Assets/ONYX Development using Guid(b4a230d2276af3c40988b630fc2ed398) Importer(815301076,1909f56bfc062723c751e8b465ee728b)  -> (artifact id: 'd8c8a6800116e86bea2decb9f1392e0a') in 0.007576 seconds 
========================================================================
Received Import Request.
  Time since last request: 201.035245 seconds.
  path: Assets/ONYX Development/Icons
  artifactKey: Guid(0d4dbbde0937609408324e85889f8c8e) Importer(815301076,1909f56bfc062723c751e8b465ee728b)
Start importing Assets/ONYX Development/Icons using Guid(0d4dbbde0937609408324e85889f8c8e) Importer(815301076,1909f56bfc062723c751e8b465ee728b)  -> (artifact id: '42b4c9bc3557ff284198ca5e5998628e') in 0.006414 seconds 
========================================================================
Received Import Request.
  Time since last request: 59.823151 seconds.
  path: Assets/ONYX Development/Icons/onyx_logo.png
  artifactKey: Guid(bf69c624cdaa80c449e693f2d8a75395) Importer(815301076,1909f56bfc062723c751e8b465ee728b)
Start importing Assets/ONYX Development/Icons/onyx_logo.png using Guid(bf69c624cdaa80c449e693f2d8a75395) Importer(815301076,1909f56bfc062723c751e8b465ee728b)  -> (artifact id: '3b59f672ec140f146e1e557fc0ad898b') in 0.100622 seconds 
========================================================================
Received Import Request.
  Time since last request: 782.342782 seconds.
  path: ProjectSettings/TagManager.asset
  artifactKey: Guid(00000000000000003000000000000000) Importer(815301076,1909f56bfc062723c751e8b465ee728b)
Start importing ProjectSettings/TagManager.asset using Guid(00000000000000003000000000000000) Importer(815301076,1909f56bfc062723c751e8b465ee728b)  -> (artifact id: 'ce6a35c3cddc746e7501c0bd0ed6d4ce') in 0.014329 seconds 
========================================================================
Received Import Request.
  Time since last request: 2.969334 seconds.
  path: ProjectSettings/TagManager.asset
  artifactKey: Guid(00000000000000003000000000000000) Importer(815301076,1909f56bfc062723c751e8b465ee728b)
Start importing ProjectSettings/TagManager.asset using Guid(00000000000000003000000000000000) Importer(815301076,1909f56bfc062723c751e8b465ee728b)  -> (artifact id: '8dee89c3bcf7bcaa09a2770dfb4a2d53') in 0.002409 seconds 
========================================================================
Received Import Request.
  Time since last request: 32.753940 seconds.
  path: Assets/ONYX Development/Juicy-Player-Controller/Readme.md
  artifactKey: Guid(c6ca312098c911648ac65aceaa3d0bf9) Importer(815301076,1909f56bfc062723c751e8b465ee728b)
Start importing Assets/ONYX Development/Juicy-Player-Controller/Readme.md using Guid(c6ca312098c911648ac65aceaa3d0bf9) Importer(815301076,1909f56bfc062723c751e8b465ee728b)  -> (artifact id: 'c18728de1f8965bd140e62cf29e6b8cc') in 0.010797 seconds 
========================================================================
Received Import Request.
  Time since last request: 1.980020 seconds.
  path: Assets/ONYX Development/Juicy-Player-Controller/Inputs
  artifactKey: Guid(6d4f999c49e12464990e3d78c82d132f) Importer(815301076,1909f56bfc062723c751e8b465ee728b)
Start importing Assets/ONYX Development/Juicy-Player-Controller/Inputs using Guid(6d4f999c49e12464990e3d78c82d132f) Importer(815301076,1909f56bfc062723c751e8b465ee728b)  -> (artifact id: 'a316b4f2f0a7859fb8b5f83437659e51') in 0.006516 seconds 
========================================================================
Received Import Request.
  Time since last request: 0.858900 seconds.
  path: Assets/ONYX Development/Juicy-Player-Controller/Prefabs/Juicy Player - Lemoade.prefab
  artifactKey: Guid(04fc4b1de35ca0a4dbf4dfe79bec3003) Importer(815301076,1909f56bfc062723c751e8b465ee728b)
Start importing Assets/ONYX Development/Juicy-Player-Controller/Prefabs/Juicy Player - Lemoade.prefab using Guid(04fc4b1de35ca0a4dbf4dfe79bec3003) Importer(815301076,1909f56bfc062723c751e8b465ee728b)  -> (artifact id: '4854a23cfe9075662854c2ba547e602d') in 0.077651 seconds 
========================================================================
Received Import Request.
  Time since last request: 0.451414 seconds.
  path: Assets/ONYX Development/Juicy-Player-Controller/Prefabs/Juicy Player - Orange.prefab
  artifactKey: Guid(657101b4f39a6ba4987bbccce1d5eddf) Importer(815301076,1909f56bfc062723c751e8b465ee728b)
Start importing Assets/ONYX Development/Juicy-Player-Controller/Prefabs/Juicy Player - Orange.prefab using Guid(657101b4f39a6ba4987bbccce1d5eddf) Importer(815301076,1909f56bfc062723c751e8b465ee728b)  -> (artifact id: '289be0a54368e1cc00d787bca1bac423') in 0.016215 seconds 
========================================================================
Received Prepare
Registering precompiled user dll's ...
Registered in 0.002300 seconds.
Begin MonoManager ReloadAssembly
Native extension for WindowsStandalone target not found
Refreshing native plugins compatible for Editor in 0.44 ms, found 2 plugins.
Preloading 0 native plugins for Editor in 0.00 ms.
Mono: successfully reloaded assembly
- Completed reload, in  1.206 seconds
Domain Reload Profiling:
	ReloadAssembly (1207ms)
		BeginReloadAssembly (123ms)
			ExecutionOrderSort (0ms)
			DisableScriptedObjects (3ms)
			BackupInstance (0ms)
			ReleaseScriptingObjects (0ms)
			CreateAndSetChildDomain (31ms)
		EndReloadAssembly (1023ms)
			LoadAssemblies (101ms)
			RebuildTransferFunctionScriptingTraits (0ms)
			SetupTypeCache (246ms)
			ReleaseScriptCaches (1ms)
			RebuildScriptCaches (34ms)
			SetupLoadedEditorAssemblies (563ms)
				LogAssemblyErrors (0ms)
				InitializePlatformSupportModulesInManaged (5ms)
				SetLoadedEditorAssemblies (1ms)
				RefreshPlugins (0ms)
				BeforeProcessingInitializeOnLoad (84ms)
				ProcessInitializeOnLoadAttributes (456ms)
				ProcessInitializeOnLoadMethodAttributes (8ms)
				AfterProcessingInitializeOnLoad (9ms)
				EditorAssembliesLoaded (0ms)
			ExecutionOrderSort2 (0ms)
			AwakeInstancesAfterBackupRestoration (2ms)
Platform modules already initialized, skipping
Refreshing native plugins compatible for Editor in 0.42 ms, found 2 plugins.
Preloading 0 native plugins for Editor in 0.00 ms.
Unloading 1989 Unused Serialized files (Serialized files now loaded: 0)
System memory in use before: 95.1 MB.
System memory in use after: 93.2 MB.

Unloading 38 unused Assets to reduce memory usage. Loaded Objects now: 2425.
Total: 4.166000 ms (FindLiveObjects: 0.205900 ms CreateObjectMapping: 0.061000 ms MarkObjects: 2.660800 ms  DeleteObjects: 1.237300 ms)

AssetImportParameters requested are different than current active one (requested -> active):
  custom:framework-win-MediaFoundation: 216162199b28c13a410421893ffa2e32 -> 
  custom:video-decoder-ogg-theora: a1e56fd34408186e4bbccfd4996cb3dc -> 
  custom:container-muxer-webm: aa71ff27fc2769a1b78a27578f13a17b -> 
  custom:container-demuxer-webm: 4f35f7cbe854078d1ac9338744f61a02 -> 
  custom:container-demuxer-ogg: 62fdf1f143b41e24485cea50d1cbac27 -> 
  custom:video-encoder-webm-vp8: eb34c28f22e8b96e1ab97ce403110664 -> 
  custom:video-codec-MediaFoundation-h265: e54d7ab0439102e2317fc1e4b246158d -> 
  custom:video-decoder-webm-vp8: 9c59270c3fd7afecdb556c50c9e8de78 -> 
  custom:audio-decoder-ogg-vorbis: bf7c407c2cedff20999df2af8eb42d56 -> 
  custom:audio-encoder-webm-vorbis: bf7c407c2cedff20999df2af8eb42d56 -> 
========================================================================
Received Prepare
Registering precompiled user dll's ...
Registered in 0.002099 seconds.
Begin MonoManager ReloadAssembly
Native extension for WindowsStandalone target not found
Refreshing native plugins compatible for Editor in 0.43 ms, found 2 plugins.
Preloading 0 native plugins for Editor in 0.00 ms.
Mono: successfully reloaded assembly
- Completed reload, in  1.098 seconds
Domain Reload Profiling:
	ReloadAssembly (1099ms)
		BeginReloadAssembly (101ms)
			ExecutionOrderSort (0ms)
			DisableScriptedObjects (4ms)
			BackupInstance (0ms)
			ReleaseScriptingObjects (0ms)
			CreateAndSetChildDomain (28ms)
		EndReloadAssembly (936ms)
			LoadAssemblies (80ms)
			RebuildTransferFunctionScriptingTraits (0ms)
			SetupTypeCache (250ms)
			ReleaseScriptCaches (1ms)
			RebuildScriptCaches (35ms)
			SetupLoadedEditorAssemblies (486ms)
				LogAssemblyErrors (0ms)
				InitializePlatformSupportModulesInManaged (4ms)
				SetLoadedEditorAssemblies (0ms)
				RefreshPlugins (0ms)
				BeforeProcessingInitializeOnLoad (77ms)
				ProcessInitializeOnLoadAttributes (387ms)
				ProcessInitializeOnLoadMethodAttributes (8ms)
				AfterProcessingInitializeOnLoad (9ms)
				EditorAssembliesLoaded (0ms)
			ExecutionOrderSort2 (0ms)
			AwakeInstancesAfterBackupRestoration (2ms)
Platform modules already initialized, skipping
Refreshing native plugins compatible for Editor in 0.42 ms, found 2 plugins.
Preloading 0 native plugins for Editor in 0.00 ms.
Unloading 1988 Unused Serialized files (Serialized files now loaded: 0)
System memory in use before: 95.3 MB.
System memory in use after: 93.4 MB.

Unloading 35 unused Assets to reduce memory usage. Loaded Objects now: 2428.
Total: 4.278400 ms (FindLiveObjects: 0.197100 ms CreateObjectMapping: 0.050200 ms MarkObjects: 2.665800 ms  DeleteObjects: 1.364000 ms)

AssetImportParameters requested are different than current active one (requested -> active):
  custom:framework-win-MediaFoundation: 216162199b28c13a410421893ffa2e32 -> 
  custom:video-decoder-ogg-theora: a1e56fd34408186e4bbccfd4996cb3dc -> 
  custom:container-muxer-webm: aa71ff27fc2769a1b78a27578f13a17b -> 
  custom:container-demuxer-webm: 4f35f7cbe854078d1ac9338744f61a02 -> 
  custom:container-demuxer-ogg: 62fdf1f143b41e24485cea50d1cbac27 -> 
  custom:video-encoder-webm-vp8: eb34c28f22e8b96e1ab97ce403110664 -> 
  custom:video-codec-MediaFoundation-h265: e54d7ab0439102e2317fc1e4b246158d -> 
  custom:video-decoder-webm-vp8: 9c59270c3fd7afecdb556c50c9e8de78 -> 
  custom:audio-decoder-ogg-vorbis: bf7c407c2cedff20999df2af8eb42d56 -> 
  custom:audio-encoder-webm-vorbis: bf7c407c2cedff20999df2af8eb42d56 -> 
========================================================================
Received Prepare
Registering precompiled user dll's ...
Registered in 0.002136 seconds.
Begin MonoManager ReloadAssembly
Native extension for WindowsStandalone target not found
Refreshing native plugins compatible for Editor in 0.42 ms, found 2 plugins.
Preloading 0 native plugins for Editor in 0.00 ms.
Mono: successfully reloaded assembly
- Completed reload, in  1.120 seconds
Domain Reload Profiling:
	ReloadAssembly (1120ms)
		BeginReloadAssembly (112ms)
			ExecutionOrderSort (0ms)
			DisableScriptedObjects (4ms)
			BackupInstance (0ms)
			ReleaseScriptingObjects (0ms)
			CreateAndSetChildDomain (29ms)
		EndReloadAssembly (945ms)
			LoadAssemblies (90ms)
			RebuildTransferFunctionScriptingTraits (0ms)
			SetupTypeCache (253ms)
			ReleaseScriptCaches (1ms)
			RebuildScriptCaches (37ms)
			SetupLoadedEditorAssemblies (484ms)
				LogAssemblyErrors (0ms)
				InitializePlatformSupportModulesInManaged (4ms)
				SetLoadedEditorAssemblies (0ms)
				RefreshPlugins (0ms)
				BeforeProcessingInitializeOnLoad (89ms)
				ProcessInitializeOnLoadAttributes (373ms)
				ProcessInitializeOnLoadMethodAttributes (8ms)
				AfterProcessingInitializeOnLoad (9ms)
				EditorAssembliesLoaded (0ms)
			ExecutionOrderSort2 (0ms)
			AwakeInstancesAfterBackupRestoration (2ms)
Platform modules already initialized, skipping
Refreshing native plugins compatible for Editor in 0.40 ms, found 2 plugins.
Preloading 0 native plugins for Editor in 0.00 ms.
Unloading 1988 Unused Serialized files (Serialized files now loaded: 0)
System memory in use before: 95.4 MB.
System memory in use after: 93.5 MB.

Unloading 35 unused Assets to reduce memory usage. Loaded Objects now: 2431.
Total: 4.250000 ms (FindLiveObjects: 0.201300 ms CreateObjectMapping: 0.048100 ms MarkObjects: 2.652300 ms  DeleteObjects: 1.347200 ms)

AssetImportParameters requested are different than current active one (requested -> active):
  custom:framework-win-MediaFoundation: 216162199b28c13a410421893ffa2e32 -> 
  custom:video-decoder-ogg-theora: a1e56fd34408186e4bbccfd4996cb3dc -> 
  custom:container-muxer-webm: aa71ff27fc2769a1b78a27578f13a17b -> 
  custom:container-demuxer-webm: 4f35f7cbe854078d1ac9338744f61a02 -> 
  custom:container-demuxer-ogg: 62fdf1f143b41e24485cea50d1cbac27 -> 
  custom:video-encoder-webm-vp8: eb34c28f22e8b96e1ab97ce403110664 -> 
  custom:video-codec-MediaFoundation-h265: e54d7ab0439102e2317fc1e4b246158d -> 
  custom:video-decoder-webm-vp8: 9c59270c3fd7afecdb556c50c9e8de78 -> 
  custom:audio-decoder-ogg-vorbis: bf7c407c2cedff20999df2af8eb42d56 -> 
  custom:audio-encoder-webm-vorbis: bf7c407c2cedff20999df2af8eb42d56 -> 
========================================================================
Received Import Request.
  Time since last request: 309.083494 seconds.
  path: Assets/ONYX Development/Sprites
  artifactKey: Guid(5c8befbc3431e5c418d757d50bb6bd45) Importer(815301076,1909f56bfc062723c751e8b465ee728b)
Start importing Assets/ONYX Development/Sprites using Guid(5c8befbc3431e5c418d757d50bb6bd45) Importer(815301076,1909f56bfc062723c751e8b465ee728b)  -> (artifact id: '17741082c605140fd3fc513d691d5d82') in 0.008949 seconds 
========================================================================
Received Import Request.
  Time since last request: 68.599357 seconds.
  path: Assets/ONYX Development/Sprites/1x1.png
  artifactKey: Guid(3cad06c86076a2a4386d778e30a2370d) Importer(815301076,1909f56bfc062723c751e8b465ee728b)
Start importing Assets/ONYX Development/Sprites/1x1.png using Guid(3cad06c86076a2a4386d778e30a2370d) Importer(815301076,1909f56bfc062723c751e8b465ee728b)  -> (artifact id: 'f898f4e25ece55ba1fd5a57128fa6fa9') in 0.031771 seconds 
========================================================================
Received Import Request.
  Time since last request: 3.677931 seconds.
  path: Assets/ONYX Development/Sprites/1x1.png
  artifactKey: Guid(3cad06c86076a2a4386d778e30a2370d) Importer(815301076,1909f56bfc062723c751e8b465ee728b)
Start importing Assets/ONYX Development/Sprites/1x1.png using Guid(3cad06c86076a2a4386d778e30a2370d) Importer(815301076,1909f56bfc062723c751e8b465ee728b)  -> (artifact id: 'f97d647f0a040c6130369055420ff1c8') in 0.018167 seconds 
========================================================================
Received Import Request.
  Time since last request: 21.438007 seconds.
  path: Assets/ONYX Development/Sprites/1x1.png
  artifactKey: Guid(3cad06c86076a2a4386d778e30a2370d) Importer(815301076,1909f56bfc062723c751e8b465ee728b)
Start importing Assets/ONYX Development/Sprites/1x1.png using Guid(3cad06c86076a2a4386d778e30a2370d) Importer(815301076,1909f56bfc062723c751e8b465ee728b)  -> (artifact id: '4481ff813058ddbce3190f2ff8cd10c3') in 0.006072 seconds 
========================================================================
Received Import Request.
  Time since last request: 20.589152 seconds.
  path: Assets/ONYX Development/Sprites/1x1.png
  artifactKey: Guid(3cad06c86076a2a4386d778e30a2370d) Importer(815301076,1909f56bfc062723c751e8b465ee728b)
Start importing Assets/ONYX Development/Sprites/1x1.png using Guid(3cad06c86076a2a4386d778e30a2370d) Importer(815301076,1909f56bfc062723c751e8b465ee728b)  -> (artifact id: '320b307aec78a7ad2175a954cdccbc18') in 0.005834 seconds 
========================================================================
Received Prepare
Registering precompiled user dll's ...
Registered in 0.001924 seconds.
Begin MonoManager ReloadAssembly
Native extension for WindowsStandalone target not found
Refreshing native plugins compatible for Editor in 0.41 ms, found 2 plugins.
Preloading 0 native plugins for Editor in 0.00 ms.
Mono: successfully reloaded assembly
- Completed reload, in  1.051 seconds
Domain Reload Profiling:
	ReloadAssembly (1052ms)
		BeginReloadAssembly (102ms)
			ExecutionOrderSort (0ms)
			DisableScriptedObjects (4ms)
			BackupInstance (0ms)
			ReleaseScriptingObjects (0ms)
			CreateAndSetChildDomain (29ms)
		EndReloadAssembly (891ms)
			LoadAssemblies (82ms)
			RebuildTransferFunctionScriptingTraits (0ms)
			SetupTypeCache (238ms)
			ReleaseScriptCaches (1ms)
			RebuildScriptCaches (35ms)
			SetupLoadedEditorAssemblies (457ms)
				LogAssemblyErrors (0ms)
				InitializePlatformSupportModulesInManaged (4ms)
				SetLoadedEditorAssemblies (0ms)
				RefreshPlugins (0ms)
				BeforeProcessingInitializeOnLoad (78ms)
				ProcessInitializeOnLoadAttributes (357ms)
				ProcessInitializeOnLoadMethodAttributes (8ms)
				AfterProcessingInitializeOnLoad (9ms)
				EditorAssembliesLoaded (0ms)
			ExecutionOrderSort2 (0ms)
			AwakeInstancesAfterBackupRestoration (2ms)
Platform modules already initialized, skipping
Refreshing native plugins compatible for Editor in 0.39 ms, found 2 plugins.
Preloading 0 native plugins for Editor in 0.00 ms.
Unloading 1989 Unused Serialized files (Serialized files now loaded: 0)
System memory in use before: 95.4 MB.
System memory in use after: 93.6 MB.

Unloading 35 unused Assets to reduce memory usage. Loaded Objects now: 2438.
Total: 4.346300 ms (FindLiveObjects: 0.201700 ms CreateObjectMapping: 0.049400 ms MarkObjects: 2.742700 ms  DeleteObjects: 1.351500 ms)

AssetImportParameters requested are different than current active one (requested -> active):
  custom:framework-win-MediaFoundation: 216162199b28c13a410421893ffa2e32 -> 
  custom:video-decoder-ogg-theora: a1e56fd34408186e4bbccfd4996cb3dc -> 
  custom:container-muxer-webm: aa71ff27fc2769a1b78a27578f13a17b -> 
  custom:container-demuxer-webm: 4f35f7cbe854078d1ac9338744f61a02 -> 
  custom:container-demuxer-ogg: 62fdf1f143b41e24485cea50d1cbac27 -> 
  custom:video-encoder-webm-vp8: eb34c28f22e8b96e1ab97ce403110664 -> 
  custom:video-codec-MediaFoundation-h265: e54d7ab0439102e2317fc1e4b246158d -> 
  custom:video-decoder-webm-vp8: 9c59270c3fd7afecdb556c50c9e8de78 -> 
  custom:audio-decoder-ogg-vorbis: bf7c407c2cedff20999df2af8eb42d56 -> 
  custom:audio-encoder-webm-vorbis: bf7c407c2cedff20999df2af8eb42d56 -> 
========================================================================
Received Prepare
Registering precompiled user dll's ...
Registered in 0.001920 seconds.
Begin MonoManager ReloadAssembly
Native extension for WindowsStandalone target not found
Refreshing native plugins compatible for Editor in 0.42 ms, found 2 plugins.
Preloading 0 native plugins for Editor in 0.00 ms.
Mono: successfully reloaded assembly
- Completed reload, in  1.122 seconds
Domain Reload Profiling:
	ReloadAssembly (1123ms)
		BeginReloadAssembly (116ms)
			ExecutionOrderSort (0ms)
			DisableScriptedObjects (4ms)
			BackupInstance (0ms)
			ReleaseScriptingObjects (0ms)
			CreateAndSetChildDomain (27ms)
		EndReloadAssembly (945ms)
			LoadAssemblies (95ms)
			RebuildTransferFunctionScriptingTraits (0ms)
			SetupTypeCache (254ms)
			ReleaseScriptCaches (1ms)
			RebuildScriptCaches (37ms)
			SetupLoadedEditorAssemblies (486ms)
				LogAssemblyErrors (0ms)
				InitializePlatformSupportModulesInManaged (4ms)
				SetLoadedEditorAssemblies (0ms)
				RefreshPlugins (0ms)
				BeforeProcessingInitializeOnLoad (78ms)
				ProcessInitializeOnLoadAttributes (384ms)
				ProcessInitializeOnLoadMethodAttributes (9ms)
				AfterProcessingInitializeOnLoad (10ms)
				EditorAssembliesLoaded (0ms)
			ExecutionOrderSort2 (0ms)
			AwakeInstancesAfterBackupRestoration (2ms)
Platform modules already initialized, skipping
Refreshing native plugins compatible for Editor in 0.43 ms, found 2 plugins.
Preloading 0 native plugins for Editor in 0.00 ms.
Unloading 1989 Unused Serialized files (Serialized files now loaded: 0)
System memory in use before: 95.5 MB.
System memory in use after: 93.6 MB.

Unloading 35 unused Assets to reduce memory usage. Loaded Objects now: 2441.
Total: 4.695600 ms (FindLiveObjects: 0.195300 ms CreateObjectMapping: 0.055100 ms MarkObjects: 2.812000 ms  DeleteObjects: 1.632300 ms)

AssetImportParameters requested are different than current active one (requested -> active):
  custom:framework-win-MediaFoundation: 216162199b28c13a410421893ffa2e32 -> 
  custom:video-decoder-ogg-theora: a1e56fd34408186e4bbccfd4996cb3dc -> 
  custom:container-muxer-webm: aa71ff27fc2769a1b78a27578f13a17b -> 
  custom:container-demuxer-webm: 4f35f7cbe854078d1ac9338744f61a02 -> 
  custom:container-demuxer-ogg: 62fdf1f143b41e24485cea50d1cbac27 -> 
  custom:video-encoder-webm-vp8: eb34c28f22e8b96e1ab97ce403110664 -> 
  custom:video-codec-MediaFoundation-h265: e54d7ab0439102e2317fc1e4b246158d -> 
  custom:video-decoder-webm-vp8: 9c59270c3fd7afecdb556c50c9e8de78 -> 
  custom:audio-decoder-ogg-vorbis: bf7c407c2cedff20999df2af8eb42d56 -> 
  custom:audio-encoder-webm-vorbis: bf7c407c2cedff20999df2af8eb42d56 -> 
========================================================================
Received Prepare
Registering precompiled user dll's ...
Registered in 0.001989 seconds.
Begin MonoManager ReloadAssembly
Native extension for WindowsStandalone target not found
Refreshing native plugins compatible for Editor in 0.41 ms, found 2 plugins.
Preloading 0 native plugins for Editor in 0.00 ms.
Mono: successfully reloaded assembly
- Completed reload, in  1.092 seconds
Domain Reload Profiling:
	ReloadAssembly (1093ms)
		BeginReloadAssembly (121ms)
			ExecutionOrderSort (0ms)
			DisableScriptedObjects (4ms)
			BackupInstance (0ms)
			ReleaseScriptingObjects (0ms)
			CreateAndSetChildDomain (27ms)
		EndReloadAssembly (910ms)
			LoadAssemblies (101ms)
			RebuildTransferFunctionScriptingTraits (0ms)
			SetupTypeCache (244ms)
			ReleaseScriptCaches (1ms)
			RebuildScriptCaches (39ms)
			SetupLoadedEditorAssemblies (457ms)
				LogAssemblyErrors (0ms)
				InitializePlatformSupportModulesInManaged (4ms)
				SetLoadedEditorAssemblies (0ms)
				RefreshPlugins (0ms)
				BeforeProcessingInitializeOnLoad (77ms)
				ProcessInitializeOnLoadAttributes (359ms)
				ProcessInitializeOnLoadMethodAttributes (8ms)
				AfterProcessingInitializeOnLoad (9ms)
				EditorAssembliesLoaded (0ms)
			ExecutionOrderSort2 (0ms)
			AwakeInstancesAfterBackupRestoration (2ms)
Platform modules already initialized, skipping
Refreshing native plugins compatible for Editor in 0.40 ms, found 2 plugins.
Preloading 0 native plugins for Editor in 0.00 ms.
Unloading 1989 Unused Serialized files (Serialized files now loaded: 0)
System memory in use before: 95.5 MB.
System memory in use after: 93.6 MB.

Unloading 35 unused Assets to reduce memory usage. Loaded Objects now: 2444.
Total: 4.522900 ms (FindLiveObjects: 0.200200 ms CreateObjectMapping: 0.052800 ms MarkObjects: 2.809600 ms  DeleteObjects: 1.459300 ms)

AssetImportParameters requested are different than current active one (requested -> active):
  custom:framework-win-MediaFoundation: 216162199b28c13a410421893ffa2e32 -> 
  custom:video-decoder-ogg-theora: a1e56fd34408186e4bbccfd4996cb3dc -> 
  custom:container-muxer-webm: aa71ff27fc2769a1b78a27578f13a17b -> 
  custom:container-demuxer-webm: 4f35f7cbe854078d1ac9338744f61a02 -> 
  custom:container-demuxer-ogg: 62fdf1f143b41e24485cea50d1cbac27 -> 
  custom:video-encoder-webm-vp8: eb34c28f22e8b96e1ab97ce403110664 -> 
  custom:video-codec-MediaFoundation-h265: e54d7ab0439102e2317fc1e4b246158d -> 
  custom:video-decoder-webm-vp8: 9c59270c3fd7afecdb556c50c9e8de78 -> 
  custom:audio-decoder-ogg-vorbis: bf7c407c2cedff20999df2af8eb42d56 -> 
  custom:audio-encoder-webm-vorbis: bf7c407c2cedff20999df2af8eb42d56 -> 
========================================================================
Received Import Request.
  Time since last request: 169.028012 seconds.
  path: Assets/_Project/_Scripts
  artifactKey: Guid(41e1116d4c3fb1d41a16209a0933f29d) Importer(815301076,1909f56bfc062723c751e8b465ee728b)
Start importing Assets/_Project/_Scripts using Guid(41e1116d4c3fb1d41a16209a0933f29d) Importer(815301076,1909f56bfc062723c751e8b465ee728b)  -> (artifact id: '9c8b074cc41faebf0be64c22a8506d48') in 0.009280 seconds 
========================================================================
Received Prepare
Registering precompiled user dll's ...
Registered in 0.001990 seconds.
Begin MonoManager ReloadAssembly
Native extension for WindowsStandalone target not found
Refreshing native plugins compatible for Editor in 0.42 ms, found 2 plugins.
Preloading 0 native plugins for Editor in 0.00 ms.
Mono: successfully reloaded assembly
- Completed reload, in  1.123 seconds
Domain Reload Profiling:
	ReloadAssembly (1123ms)
		BeginReloadAssembly (129ms)
			ExecutionOrderSort (0ms)
			DisableScriptedObjects (4ms)
			BackupInstance (0ms)
			ReleaseScriptingObjects (0ms)
			CreateAndSetChildDomain (28ms)
		EndReloadAssembly (933ms)
			LoadAssemblies (107ms)
			RebuildTransferFunctionScriptingTraits (0ms)
			SetupTypeCache (247ms)
			ReleaseScriptCaches (1ms)
			RebuildScriptCaches (37ms)
			SetupLoadedEditorAssemblies (480ms)
				LogAssemblyErrors (0ms)
				InitializePlatformSupportModulesInManaged (4ms)
				SetLoadedEditorAssemblies (0ms)
				RefreshPlugins (0ms)
				BeforeProcessingInitializeOnLoad (81ms)
				ProcessInitializeOnLoadAttributes (374ms)
				ProcessInitializeOnLoadMethodAttributes (9ms)
				AfterProcessingInitializeOnLoad (11ms)
				EditorAssembliesLoaded (0ms)
			ExecutionOrderSort2 (0ms)
			AwakeInstancesAfterBackupRestoration (2ms)
Platform modules already initialized, skipping
Refreshing native plugins compatible for Editor in 0.40 ms, found 2 plugins.
Preloading 0 native plugins for Editor in 0.00 ms.
Unloading 1989 Unused Serialized files (Serialized files now loaded: 0)
System memory in use before: 95.4 MB.
System memory in use after: 93.5 MB.

Unloading 35 unused Assets to reduce memory usage. Loaded Objects now: 2447.
Total: 4.340800 ms (FindLiveObjects: 0.201000 ms CreateObjectMapping: 0.051300 ms MarkObjects: 2.688200 ms  DeleteObjects: 1.399300 ms)

AssetImportParameters requested are different than current active one (requested -> active):
  custom:framework-win-MediaFoundation: 216162199b28c13a410421893ffa2e32 -> 
  custom:video-decoder-ogg-theora: a1e56fd34408186e4bbccfd4996cb3dc -> 
  custom:container-muxer-webm: aa71ff27fc2769a1b78a27578f13a17b -> 
  custom:container-demuxer-webm: 4f35f7cbe854078d1ac9338744f61a02 -> 
  custom:container-demuxer-ogg: 62fdf1f143b41e24485cea50d1cbac27 -> 
  custom:video-encoder-webm-vp8: eb34c28f22e8b96e1ab97ce403110664 -> 
  custom:video-codec-MediaFoundation-h265: e54d7ab0439102e2317fc1e4b246158d -> 
  custom:video-decoder-webm-vp8: 9c59270c3fd7afecdb556c50c9e8de78 -> 
  custom:audio-decoder-ogg-vorbis: bf7c407c2cedff20999df2af8eb42d56 -> 
  custom:audio-encoder-webm-vorbis: bf7c407c2cedff20999df2af8eb42d56 -> 
========================================================================
Received Import Request.
  Time since last request: 16.384359 seconds.
  path: Assets/_Project/_Scripts/Controllers
  artifactKey: Guid(8ac55eddcd8a6564498574c99e344af4) Importer(815301076,1909f56bfc062723c751e8b465ee728b)
Start importing Assets/_Project/_Scripts/Controllers using Guid(8ac55eddcd8a6564498574c99e344af4) Importer(815301076,1909f56bfc062723c751e8b465ee728b)  -> (artifact id: 'e79f0b402515786b201df5ccef82abe0') in 0.009853 seconds 
========================================================================
Received Prepare
Registering precompiled user dll's ...
Registered in 0.002063 seconds.
Begin MonoManager ReloadAssembly
Native extension for WindowsStandalone target not found
Refreshing native plugins compatible for Editor in 0.44 ms, found 2 plugins.
Preloading 0 native plugins for Editor in 0.00 ms.
Mono: successfully reloaded assembly
- Completed reload, in  1.112 seconds
Domain Reload Profiling:
	ReloadAssembly (1112ms)
		BeginReloadAssembly (106ms)
			ExecutionOrderSort (0ms)
			DisableScriptedObjects (4ms)
			BackupInstance (0ms)
			ReleaseScriptingObjects (0ms)
			CreateAndSetChildDomain (28ms)
		EndReloadAssembly (945ms)
			LoadAssemblies (86ms)
			RebuildTransferFunctionScriptingTraits (0ms)
			SetupTypeCache (245ms)
			ReleaseScriptCaches (1ms)
			RebuildScriptCaches (37ms)
			SetupLoadedEditorAssemblies (482ms)
				LogAssemblyErrors (0ms)
				InitializePlatformSupportModulesInManaged (4ms)
				SetLoadedEditorAssemblies (1ms)
				RefreshPlugins (1ms)
				BeforeProcessingInitializeOnLoad (85ms)
				ProcessInitializeOnLoadAttributes (374ms)
				ProcessInitializeOnLoadMethodAttributes (8ms)
				AfterProcessingInitializeOnLoad (9ms)
				EditorAssembliesLoaded (0ms)
			ExecutionOrderSort2 (0ms)
			AwakeInstancesAfterBackupRestoration (2ms)
Platform modules already initialized, skipping
Refreshing native plugins compatible for Editor in 0.41 ms, found 2 plugins.
Preloading 0 native plugins for Editor in 0.00 ms.
Unloading 1989 Unused Serialized files (Serialized files now loaded: 0)
System memory in use before: 95.5 MB.
System memory in use after: 93.6 MB.

Unloading 35 unused Assets to reduce memory usage. Loaded Objects now: 2450.
Total: 4.441100 ms (FindLiveObjects: 0.198900 ms CreateObjectMapping: 0.051000 ms MarkObjects: 2.715600 ms  DeleteObjects: 1.474700 ms)

AssetImportParameters requested are different than current active one (requested -> active):
  custom:framework-win-MediaFoundation: 216162199b28c13a410421893ffa2e32 -> 
  custom:video-decoder-ogg-theora: a1e56fd34408186e4bbccfd4996cb3dc -> 
  custom:container-muxer-webm: aa71ff27fc2769a1b78a27578f13a17b -> 
  custom:container-demuxer-webm: 4f35f7cbe854078d1ac9338744f61a02 -> 
  custom:container-demuxer-ogg: 62fdf1f143b41e24485cea50d1cbac27 -> 
  custom:video-encoder-webm-vp8: eb34c28f22e8b96e1ab97ce403110664 -> 
  custom:video-codec-MediaFoundation-h265: e54d7ab0439102e2317fc1e4b246158d -> 
  custom:video-decoder-webm-vp8: 9c59270c3fd7afecdb556c50c9e8de78 -> 
  custom:audio-decoder-ogg-vorbis: bf7c407c2cedff20999df2af8eb42d56 -> 
  custom:audio-encoder-webm-vorbis: bf7c407c2cedff20999df2af8eb42d56 -> 
========================================================================
Received Import Request.
  Time since last request: 394.248522 seconds.
  path: Assets/_Project/Objects
  artifactKey: Guid(1dae5d0b22416a3439d2418dd5f179d8) Importer(815301076,1909f56bfc062723c751e8b465ee728b)
Start importing Assets/_Project/Objects using Guid(1dae5d0b22416a3439d2418dd5f179d8) Importer(815301076,1909f56bfc062723c751e8b465ee728b)  -> (artifact id: 'dab9170171e4baf713c937f5ae4d9696') in 0.009699 seconds 
========================================================================
Received Import Request.
  Time since last request: 3.880115 seconds.
  path: Assets/_Project/Objects/Arms
  artifactKey: Guid(2e19a611ec1b30f468bbb764e326ee5d) Importer(815301076,1909f56bfc062723c751e8b465ee728b)
Start importing Assets/_Project/Objects/Arms using Guid(2e19a611ec1b30f468bbb764e326ee5d) Importer(815301076,1909f56bfc062723c751e8b465ee728b)  -> (artifact id: '02d3d998ceb1868ac4b8a93e0c2729a7') in 0.006406 seconds 
========================================================================
Received Import Request.
  Time since last request: 55.113045 seconds.
  path: Assets/_Project/Objects/fp-arms/source/arms2.fbx
  artifactKey: Guid(47303de2027180a43af5d22537b051e8) Importer(815301076,1909f56bfc062723c751e8b465ee728b)
Start importing Assets/_Project/Objects/fp-arms/source/arms2.fbx using Guid(47303de2027180a43af5d22537b051e8) Importer(815301076,1909f56bfc062723c751e8b465ee728b)  -> (artifact id: '69d3593555696612e44e5bc0f5a94dd5') in 0.283280 seconds 
========================================================================
Received Import Request.
  Time since last request: 130.267941 seconds.
  path: Assets/_Project/Objects/fp-arms
  artifactKey: Guid(88fefe967f4789a4fb0150f1b414d63f) Importer(815301076,1909f56bfc062723c751e8b465ee728b)
Start importing Assets/_Project/Objects/fp-arms using Guid(88fefe967f4789a4fb0150f1b414d63f) Importer(815301076,1909f56bfc062723c751e8b465ee728b)  -> (artifact id: '2c29af0b56e172561329dfd8fc8c0b4b') in 0.007141 seconds 
========================================================================
Received Import Request.
  Time since last request: 8.313344 seconds.
  path: Assets/_Project/Objects/fp-arms/source/arms.fbx
  artifactKey: Guid(47303de2027180a43af5d22537b051e8) Importer(815301076,1909f56bfc062723c751e8b465ee728b)
Start importing Assets/_Project/Objects/fp-arms/source/arms.fbx using Guid(47303de2027180a43af5d22537b051e8) Importer(815301076,1909f56bfc062723c751e8b465ee728b)  -> (artifact id: '2ccdadbb7e241ff3fa473067986201c4') in 0.022266 seconds 
========================================================================
Received Import Request.
  Time since last request: 114.739670 seconds.
  path: Assets/_Project/Objects/g19-pistol
  artifactKey: Guid(92ae8369fcfc2894faea45ab36d468e3) Importer(815301076,1909f56bfc062723c751e8b465ee728b)
Start importing Assets/_Project/Objects/g19-pistol using Guid(92ae8369fcfc2894faea45ab36d468e3) Importer(815301076,1909f56bfc062723c751e8b465ee728b)  -> (artifact id: '22e02da1fd4e2f988e884f667caf803e') in 0.006805 seconds 
========================================================================
Received Import Request.
  Time since last request: 10.639274 seconds.
  path: Assets/_Project/Objects/G19 Pistol
  artifactKey: Guid(47f3954e5ae92bd4d809b4d5869d5a22) Importer(815301076,1909f56bfc062723c751e8b465ee728b)
Start importing Assets/_Project/Objects/G19 Pistol using Guid(47f3954e5ae92bd4d809b4d5869d5a22) Importer(815301076,1909f56bfc062723c751e8b465ee728b)  -> (artifact id: '54850d6ba1b3ab201ea5a9a86aae92b2') in 0.006542 seconds 
========================================================================
Received Import Request.
  Time since last request: 1050.306418 seconds.
  path: Assets/_Project/CZ100
  artifactKey: Guid(3f8d821277726fb43a2cb0ef15966ce3) Importer(815301076,1909f56bfc062723c751e8b465ee728b)
Start importing Assets/_Project/CZ100 using Guid(3f8d821277726fb43a2cb0ef15966ce3) Importer(815301076,1909f56bfc062723c751e8b465ee728b)  -> (artifact id: '51dfaab4b75f2f62b115a63a6968e3dc') in 0.008320 seconds 
AssetImportWorkerClient::OnTransportError - code=2 error=End of file
